===========================================
COMPREHENSIVE COMPILER TEST SUITE
===========================================

=========================================
TEST: arrays_comprehensive.cpp
=========================================
✓ COMPILATION: SUCCESS
✓ SEMANTIC ERRORS: 0
✓ STATUS: PASSED

=========================================
TEST: arrays_multidimensional.cpp
=========================================
✓ COMPILATION: SUCCESS
✓ SEMANTIC ERRORS: 0
✓ STATUS: PASSED

=========================================
TEST: functions_calls_comprehensive.cpp
=========================================
✓ COMPILATION: SUCCESS
✓ SEMANTIC ERRORS: 0
✓ STATUS: PASSED

=========================================
TEST: functions_comprehensive.cpp
=========================================
✓ COMPILATION: SUCCESS
✓ SEMANTIC ERRORS: 0
✓ STATUS: PASSED

=========================================
TEST: functions_pointer_comprehensive.cpp
=========================================
✓ COMPILATION: SUCCESS
✓ SEMANTIC ERRORS: 0
✓ STATUS: PASSED

=========================================
TEST: functions_pointer.cpp
=========================================
✓ COMPILATION: SUCCESS
✓ SEMANTIC ERRORS: 0
✓ STATUS: PASSED

=========================================
TEST: goto_comprehensive.cpp
=========================================
✓ COMPILATION: SUCCESS
✓ SEMANTIC ERRORS: 0
✓ STATUS: PASSED

=========================================
TEST: loops_comprehensive.cpp
=========================================
✓ COMPILATION: SUCCESS
✓ SEMANTIC ERRORS: 0
✓ STATUS: PASSED

=========================================
TEST: loops_dowhile.cpp
=========================================
✓ COMPILATION: SUCCESS
✓ SEMANTIC ERRORS: 0
✓ STATUS: PASSED

=========================================
TEST: loops_until.cpp
=========================================
✓ COMPILATION: SUCCESS
✓ SEMANTIC ERRORS: 0
✓ STATUS: PASSED

=========================================
TEST: nested_loops.cpp
=========================================
✓ COMPILATION: SUCCESS
✓ SEMANTIC ERRORS: 0
✓ STATUS: PASSED

=========================================
TEST: operators_comprehensive.cpp
=========================================
✓ COMPILATION: SUCCESS
✓ SEMANTIC ERRORS: 0
✓ STATUS: PASSED

=========================================
TEST: pointer_increment.cpp
=========================================
✓ COMPILATION: SUCCESS
✓ SEMANTIC ERRORS: 0
✓ STATUS: PASSED

=========================================
TEST: pointers_comprehensive.cpp
=========================================
✓ COMPILATION: SUCCESS
✓ SEMANTIC ERRORS: 0
✓ STATUS: PASSED

=========================================
TEST: pointers_final.cpp
=========================================
✓ COMPILATION: SUCCESS
✓ SEMANTIC ERRORS: 0
✓ STATUS: PASSED

=========================================
TEST: pointers_simple.cpp
=========================================
✗ COMPILATION: FAILED
✗ STATUS: FAILED
Line 14: SEMANTIC ERROR: Cannot dereference non-pointer type 'int'
Line 68: SEMANTIC ERROR: Cannot dereference non-pointer type 'unknown'
Line 71: SEMANTIC ERROR: Cannot dereference non-pointer type 'unknown'

=========================================
TEST: printf_scanf.cpp
=========================================
✓ COMPILATION: SUCCESS
✓ SEMANTIC ERRORS: 0
✓ STATUS: PASSED

=========================================
TEST: recursion.cpp
=========================================
✓ COMPILATION: SUCCESS
✓ SEMANTIC ERRORS: 0
✓ STATUS: PASSED

=========================================
TEST: scanf_comprehensive.cpp
=========================================
✓ COMPILATION: SUCCESS
✓ SEMANTIC ERRORS: 0
✓ STATUS: PASSED

=========================================
TEST: static_keyword.cpp
=========================================
✓ COMPILATION: SUCCESS
✓ SEMANTIC ERRORS: 0
✓ STATUS: PASSED

=========================================
TEST: struct_comprehensive.cpp
=========================================
✓ COMPILATION: SUCCESS
✓ SEMANTIC ERRORS: 0
✓ STATUS: PASSED

=========================================
TEST: typedef_comprehensive.cpp
=========================================
✓ COMPILATION: SUCCESS
✓ SEMANTIC ERRORS: 0
✓ STATUS: PASSED

=========================================
TEST: typedef.cpp
=========================================
✓ COMPILATION: SUCCESS
✓ SEMANTIC ERRORS: 0
✓ STATUS: PASSED

=========================================
TEST: types_comprehensive.cpp
=========================================
✗ COMPILATION: FAILED
✗ STATUS: FAILED
Line 11: SEMANTIC ERROR: Incompatible types in assignment: cannot assign 'float*' to 'int*'
Line 14: SEMANTIC ERROR: Operand of '&' must be an lvalue
Line 18: SEMANTIC ERROR: Cannot dereference non-pointer type 'int'

=========================================
TEST: union.cpp
=========================================
✓ COMPILATION: SUCCESS
✓ SEMANTIC ERRORS: 0
✓ STATUS: PASSED

=========================================
TEST: variableArguments.c
=========================================
✗ COMPILATION: FAILED
✗ STATUS: FAILED
SYNTAX ERROR at line 10: syntax error

===========================================
FINAL SUMMARY
===========================================
Total Tests:     26
Passed:          23
Failed:          3
Success Rate:    88%
===========================================
